
  .   ____          _            __ _ _
 /\\ / ___'_ __ _ _(_)_ __  __ _ \ \ \ \
( ( )\___ | '_ | '_| | '_ \/ _` | \ \ \ \
 \\/  ___)| |_)| | | | | || (_| |  ) ) ) )
  '  |____| .__|_| |_|_| |_\__, | / / / /
 =========|_|==============|___/=/_/_/_/

 :: Spring Boot ::                (v3.4.5)

2025-12-23T07:53:03.713Z  INFO 1482 --- [           main] [                                                 ] ar.edu.utn.frba.dds.AuthApplication      : Starting AuthApplication v0.0.1-SNAPSHOT using Java 17.0.17 with PID 1482 (/home/ubuntu/.ssh/2025-tpa-ma-ma-grupo-16/api-rest/auth-usuario/target/auth-usuario-0.0.1-SNAPSHOT.jar started by ubuntu in /home/ubuntu/.ssh/2025-tpa-ma-ma-grupo-16)
2025-12-23T07:53:03.721Z  INFO 1482 --- [           main] [                                                 ] ar.edu.utn.frba.dds.AuthApplication      : No active profile set, falling back to 1 default profile: "default"
2025-12-23T07:53:06.332Z  INFO 1482 --- [           main] [                                                 ] .s.d.r.c.RepositoryConfigurationDelegate : Bootstrapping Spring Data JPA repositories in DEFAULT mode.
2025-12-23T07:53:06.627Z  INFO 1482 --- [           main] [                                                 ] .s.d.r.c.RepositoryConfigurationDelegate : Finished Spring Data repository scanning in 268 ms. Found 1 JPA repository interface.
2025-12-23T07:53:08.140Z  INFO 1482 --- [           main] [                                                 ] o.s.b.w.embedded.tomcat.TomcatWebServer  : Tomcat initialized with port 8085 (http)
2025-12-23T07:53:08.219Z  INFO 1482 --- [           main] [                                                 ] o.apache.catalina.core.StandardService   : Starting service [Tomcat]
2025-12-23T07:53:08.219Z  INFO 1482 --- [           main] [                                                 ] o.apache.catalina.core.StandardEngine    : Starting Servlet engine: [Apache Tomcat/10.1.40]
2025-12-23T07:53:08.274Z  INFO 1482 --- [           main] [                                                 ] o.a.c.c.C.[Tomcat].[localhost].[/]       : Initializing Spring embedded WebApplicationContext
2025-12-23T07:53:08.276Z  INFO 1482 --- [           main] [                                                 ] w.s.c.ServletWebServerApplicationContext : Root WebApplicationContext: initialization completed in 4370 ms
2025-12-23T07:53:09.689Z  INFO 1482 --- [           main] [                                                 ] o.hibernate.jpa.internal.util.LogHelper  : HHH000204: Processing PersistenceUnitInfo [name: default]
2025-12-23T07:53:09.775Z  INFO 1482 --- [           main] [                                                 ] org.hibernate.Version                    : HHH000412: Hibernate ORM core version 6.6.13.Final
2025-12-23T07:53:09.834Z  INFO 1482 --- [           main] [                                                 ] o.h.c.internal.RegionFactoryInitiator    : HHH000026: Second-level cache disabled
2025-12-23T07:53:10.344Z  INFO 1482 --- [           main] [                                                 ] o.s.o.j.p.SpringPersistenceUnitInfo      : No LoadTimeWeaver setup: ignoring JPA class transformer
2025-12-23T07:53:10.388Z  INFO 1482 --- [           main] [                                                 ] com.zaxxer.hikari.HikariDataSource       : HikariPool-1 - Starting...
2025-12-23T07:53:10.724Z  INFO 1482 --- [           main] [                                                 ] com.zaxxer.hikari.pool.HikariPool        : HikariPool-1 - Added connection com.mysql.cj.jdbc.ConnectionImpl@632b96b8
2025-12-23T07:53:10.726Z  INFO 1482 --- [           main] [                                                 ] com.zaxxer.hikari.HikariDataSource       : HikariPool-1 - Start completed.
2025-12-23T07:53:10.819Z  WARN 1482 --- [           main] [                                                 ] org.hibernate.orm.deprecation            : HHH90000025: MySQL8Dialect does not need to be specified explicitly using 'hibernate.dialect' (remove the property setting and it will be selected by default)
2025-12-23T07:53:10.820Z  WARN 1482 --- [           main] [                                                 ] org.hibernate.orm.deprecation            : HHH90000026: MySQL8Dialect has been deprecated; use org.hibernate.dialect.MySQLDialect instead
2025-12-23T07:53:10.865Z  INFO 1482 --- [           main] [                                                 ] org.hibernate.orm.connections.pooling    : HHH10001005: Database info:
	Database JDBC URL [Connecting through datasource 'HikariDataSource (HikariPool-1)']
	Database driver: undefined/unknown
	Database version: 8.0
	Autocommit mode: undefined/unknown
	Isolation level: undefined/unknown
	Minimum pool size: undefined/unknown
	Maximum pool size: undefined/unknown
2025-12-23T07:53:12.257Z  INFO 1482 --- [           main] [                                                 ] o.h.e.t.j.p.i.JtaPlatformInitiator       : HHH000489: No JTA platform available (set 'hibernate.transaction.jta.platform' to enable JTA platform integration)
2025-12-23T07:53:12.384Z  INFO 1482 --- [           main] [                                                 ] j.LocalContainerEntityManagerFactoryBean : Initialized JPA EntityManagerFactory for persistence unit 'default'
2025-12-23T07:53:13.117Z  WARN 1482 --- [           main] [                                                 ] JpaBaseConfiguration$JpaWebConfiguration : spring.jpa.open-in-view is enabled by default. Therefore, database queries may be performed during view rendering. Explicitly configure spring.jpa.open-in-view to disable this warning
2025-12-23T07:53:13.206Z  WARN 1482 --- [           main] [                                                 ] .s.s.UserDetailsServiceAutoConfiguration : 

Using generated security password: 008eeb6b-d7c2-46e7-8d19-5ef45e1814af

This generated password is for development use only. Your security configuration must be updated before running your application in production.

2025-12-23T07:53:13.220Z  INFO 1482 --- [           main] [                                                 ] r$InitializeUserDetailsManagerConfigurer : Global AuthenticationManager configured with UserDetailsService bean with name inMemoryUserDetailsManager
2025-12-23T07:53:13.974Z  INFO 1482 --- [           main] [                                                 ] o.s.b.a.e.web.EndpointLinksResolver      : Exposing 1 endpoint beneath base path '/actuator'
=== CONFIGURANDO SECURITY ===
2025-12-23T07:53:15.094Z  INFO 1482 --- [           main] [                                                 ] o.s.b.w.embedded.tomcat.TomcatWebServer  : Tomcat started on port 8085 (http) with context path '/'
2025-12-23T07:53:15.127Z  INFO 1482 --- [           main] [                                                 ] ar.edu.utn.frba.dds.AuthApplication      : Started AuthApplication in 12.473 seconds (process running for 13.62)
Hibernate: select count(*) from usuario u1_0
Usuarios ya existen en la base de datos. No requiere inicialización.
2025-12-23T07:57:26.910Z  INFO 1482 --- [nio-8085-exec-1] [                                                 ] o.a.c.c.C.[Tomcat].[localhost].[/]       : Initializing Spring DispatcherServlet 'dispatcherServlet'
2025-12-23T07:57:27.034Z  INFO 1482 --- [nio-8085-exec-1] [                                                 ] o.s.web.servlet.DispatcherServlet        : Initializing Servlet 'dispatcherServlet'
2025-12-23T07:57:27.750Z  INFO 1482 --- [nio-8085-exec-1] [                                                 ] o.s.web.servlet.DispatcherServlet        : Completed initialization in 713 ms
URI={}/api/auth/login-ctx={}-servletPath={}/api/auth/login
No hay token de autorización
URI={}/api/auth/login-ctx={}-servletPath={}/api/auth/login
Hibernate: select u1_0.id,u1_0.contrasenia,u1_0.email,u1_0.nombre,u1_0.rol,u1_0.username from usuario u1_0 where u1_0.username=?
Usuario autenticado: user
Hibernate: select p1_0.usuario_id,p1_0.permisos from usuario_permisos p1_0 where p1_0.usuario_id=?
URI={}/api/auth/user/roles-permisos-ctx={}-servletPath={}/api/auth/user/roles-permisos
URI={}/api/auth/user/roles-permisos-ctx={}-servletPath={}/api/auth/user/roles-permisos
Se obtuvo el username del token: user
Hibernate: select u1_0.id,u1_0.contrasenia,u1_0.email,u1_0.nombre,u1_0.rol,u1_0.username from usuario u1_0 where u1_0.username=?
Hibernate: select p1_0.usuario_id,p1_0.permisos from usuario_permisos p1_0 where p1_0.usuario_id=?
URI={}/api/auth/login-ctx={}-servletPath={}/api/auth/login
No hay token de autorización
URI={}/api/auth/login-ctx={}-servletPath={}/api/auth/login
Hibernate: select u1_0.id,u1_0.contrasenia,u1_0.email,u1_0.nombre,u1_0.rol,u1_0.username from usuario u1_0 where u1_0.username=?
Usuario autenticado: user
Hibernate: select p1_0.usuario_id,p1_0.permisos from usuario_permisos p1_0 where p1_0.usuario_id=?
URI={}/api/auth/user/roles-permisos-ctx={}-servletPath={}/api/auth/user/roles-permisos
URI={}/api/auth/user/roles-permisos-ctx={}-servletPath={}/api/auth/user/roles-permisos
Se obtuvo el username del token: user
Hibernate: select u1_0.id,u1_0.contrasenia,u1_0.email,u1_0.nombre,u1_0.rol,u1_0.username from usuario u1_0 where u1_0.username=?
Hibernate: select p1_0.usuario_id,p1_0.permisos from usuario_permisos p1_0 where p1_0.usuario_id=?
2025-12-23T07:59:10.051Z  WARN 1482 --- [/api/v2/spans}}] [                                                 ] z.r.i.AsyncReporter$BoundedAsyncReporter : Spans were dropped due to exceptions. All subsequent errors will be logged at FINE level.
2025-12-23T07:59:10.052Z  WARN 1482 --- [/api/v2/spans}}] [                                                 ] z.r.i.AsyncReporter$BoundedAsyncReporter : Dropped 5 spans due to WebClientRequestException(finishConnect(..) failed: Connection refused: localhost/127.0.0.1:9411)

org.springframework.web.reactive.function.client.WebClientRequestException: finishConnect(..) failed: Connection refused: localhost/127.0.0.1:9411
	at org.springframework.web.reactive.function.client.ExchangeFunctions$DefaultExchangeFunction.lambda$wrapException$9(ExchangeFunctions.java:137) ~[spring-webflux-6.2.6.jar!/:6.2.6]
	Suppressed: reactor.core.publisher.FluxOnAssembly$OnAssemblyException: 
Error has been observed at the following site(s):
	*__checkpoint ⇢ Request to POST http://localhost:9411/api/v2/spans [DefaultWebClient]
Original Stack Trace:
		at org.springframework.web.reactive.function.client.ExchangeFunctions$DefaultExchangeFunction.lambda$wrapException$9(ExchangeFunctions.java:137) ~[spring-webflux-6.2.6.jar!/:6.2.6]
		at reactor.core.publisher.MonoErrorSupplied.subscribe(MonoErrorSupplied.java:55) ~[reactor-core-3.7.5.jar!/:3.7.5]
		at reactor.core.publisher.Mono.subscribe(Mono.java:4576) ~[reactor-core-3.7.5.jar!/:3.7.5]
		at reactor.core.publisher.FluxOnErrorResume$ResumeSubscriber.onError(FluxOnErrorResume.java:103) ~[reactor-core-3.7.5.jar!/:3.7.5]
		at reactor.core.publisher.FluxPeek$PeekSubscriber.onError(FluxPeek.java:222) ~[reactor-core-3.7.5.jar!/:3.7.5]
		at reactor.core.publisher.FluxPeek$PeekSubscriber.onError(FluxPeek.java:222) ~[reactor-core-3.7.5.jar!/:3.7.5]
		at reactor.core.publisher.FluxPeek$PeekSubscriber.onError(FluxPeek.java:222) ~[reactor-core-3.7.5.jar!/:3.7.5]
		at reactor.core.publisher.MonoNext$NextSubscriber.onError(MonoNext.java:93) ~[reactor-core-3.7.5.jar!/:3.7.5]
		at reactor.core.publisher.MonoFlatMapMany$FlatMapManyMain.onError(MonoFlatMapMany.java:205) ~[reactor-core-3.7.5.jar!/:3.7.5]
		at reactor.core.publisher.SerializedSubscriber.onError(SerializedSubscriber.java:124) ~[reactor-core-3.7.5.jar!/:3.7.5]
		at reactor.core.publisher.FluxRetryWhen$RetryWhenMainSubscriber.whenError(FluxRetryWhen.java:229) ~[reactor-core-3.7.5.jar!/:3.7.5]
		at reactor.core.publisher.FluxRetryWhen$RetryWhenOtherSubscriber.onError(FluxRetryWhen.java:279) ~[reactor-core-3.7.5.jar!/:3.7.5]
		at reactor.core.publisher.FluxContextWrite$ContextWriteSubscriber.onError(FluxContextWrite.java:121) ~[reactor-core-3.7.5.jar!/:3.7.5]
		at reactor.core.publisher.FluxConcatMapNoPrefetch$FluxConcatMapNoPrefetchSubscriber.maybeOnError(FluxConcatMapNoPrefetch.java:327) ~[reactor-core-3.7.5.jar!/:3.7.5]
		at reactor.core.publisher.FluxConcatMapNoPrefetch$FluxConcatMapNoPrefetchSubscriber.onNext(FluxConcatMapNoPrefetch.java:212) ~[reactor-core-3.7.5.jar!/:3.7.5]
		at reactor.core.publisher.FluxContextWrite$ContextWriteSubscriber.onNext(FluxContextWrite.java:107) ~[reactor-core-3.7.5.jar!/:3.7.5]
		at reactor.core.publisher.SinkManyEmitterProcessor.drain(SinkManyEmitterProcessor.java:476) ~[reactor-core-3.7.5.jar!/:3.7.5]
		at reactor.core.publisher.SinkManyEmitterProcessor$EmitterInner.drainParent(SinkManyEmitterProcessor.java:620) ~[reactor-core-3.7.5.jar!/:3.7.5]
		at reactor.core.publisher.FluxPublish$PubSubInner.request(FluxPublish.java:874) ~[reactor-core-3.7.5.jar!/:3.7.5]
		at reactor.core.publisher.FluxContextWrite$ContextWriteSubscriber.request(FluxContextWrite.java:136) ~[reactor-core-3.7.5.jar!/:3.7.5]
		at reactor.core.publisher.FluxConcatMapNoPrefetch$FluxConcatMapNoPrefetchSubscriber.request(FluxConcatMapNoPrefetch.java:337) ~[reactor-core-3.7.5.jar!/:3.7.5]
		at reactor.core.publisher.FluxContextWrite$ContextWriteSubscriber.request(FluxContextWrite.java:136) ~[reactor-core-3.7.5.jar!/:3.7.5]
		at reactor.core.publisher.Operators$DeferredSubscription.request(Operators.java:1742) ~[reactor-core-3.7.5.jar!/:3.7.5]
		at reactor.core.publisher.FluxRetryWhen$RetryWhenMainSubscriber.onError(FluxRetryWhen.java:196) ~[reactor-core-3.7.5.jar!/:3.7.5]
		at reactor.core.publisher.MonoCreate$DefaultMonoSink.error(MonoCreate.java:205) ~[reactor-core-3.7.5.jar!/:3.7.5]
		at reactor.netty.http.client.HttpClientConnect$MonoHttpConnect$ClientTransportSubscriber.onError(HttpClientConnect.java:325) ~[reactor-netty-http-1.2.5.jar!/:1.2.5]
		at reactor.core.publisher.MonoCreate$DefaultMonoSink.error(MonoCreate.java:205) ~[reactor-core-3.7.5.jar!/:3.7.5]
		at reactor.netty.resources.DefaultPooledConnectionProvider$DisposableAcquire.onError(DefaultPooledConnectionProvider.java:174) ~[reactor-netty-core-1.2.5.jar!/:1.2.5]
		at reactor.netty.internal.shaded.reactor.pool.AbstractPool$Borrower.fail(AbstractPool.java:479) ~[reactor-netty-core-1.2.5.jar!/:1.2.5]
		at reactor.netty.internal.shaded.reactor.pool.SimpleDequePool.lambda$drainLoop$9(SimpleDequePool.java:443) ~[reactor-netty-core-1.2.5.jar!/:1.2.5]
		at reactor.core.publisher.FluxDoOnEach$DoOnEachSubscriber.onError(FluxDoOnEach.java:186) ~[reactor-core-3.7.5.jar!/:3.7.5]
		at reactor.core.publisher.MonoCreate$DefaultMonoSink.error(MonoCreate.java:205) ~[reactor-core-3.7.5.jar!/:3.7.5]
		at reactor.netty.resources.DefaultPooledConnectionProvider$PooledConnectionAllocator$PooledConnectionInitializer.onError(DefaultPooledConnectionProvider.java:593) ~[reactor-netty-core-1.2.5.jar!/:1.2.5]
		at reactor.core.publisher.MonoFlatMap$FlatMapMain.secondError(MonoFlatMap.java:241) ~[reactor-core-3.7.5.jar!/:3.7.5]
		at reactor.core.publisher.MonoFlatMap$FlatMapInner.onError(MonoFlatMap.java:315) ~[reactor-core-3.7.5.jar!/:3.7.5]
		at reactor.core.publisher.FluxOnErrorResume$ResumeSubscriber.onError(FluxOnErrorResume.java:106) ~[reactor-core-3.7.5.jar!/:3.7.5]
		at reactor.core.publisher.Operators.error(Operators.java:198) ~[reactor-core-3.7.5.jar!/:3.7.5]
		at reactor.core.publisher.MonoError.subscribe(MonoError.java:53) ~[reactor-core-3.7.5.jar!/:3.7.5]
		at reactor.core.publisher.Mono.subscribe(Mono.java:4576) ~[reactor-core-3.7.5.jar!/:3.7.5]
		at reactor.core.publisher.FluxOnErrorResume$ResumeSubscriber.onError(FluxOnErrorResume.java:103) ~[reactor-core-3.7.5.jar!/:3.7.5]
		at reactor.netty.transport.TransportConnector$MonoChannelPromise.tryFailure(TransportConnector.java:595) ~[reactor-netty-core-1.2.5.jar!/:1.2.5]
		at reactor.netty.transport.TransportConnector$MonoChannelPromise.setFailure(TransportConnector.java:541) ~[reactor-netty-core-1.2.5.jar!/:1.2.5]
		at reactor.netty.transport.TransportConnector.lambda$doConnect$7(TransportConnector.java:262) ~[reactor-netty-core-1.2.5.jar!/:1.2.5]
		at io.netty.util.concurrent.DefaultPromise.notifyListener0(DefaultPromise.java:590) ~[netty-common-4.1.119.Final.jar!/:4.1.119.Final]
		at io.netty.util.concurrent.DefaultPromise.notifyListeners0(DefaultPromise.java:583) ~[netty-common-4.1.119.Final.jar!/:4.1.119.Final]
		at io.netty.util.concurrent.DefaultPromise.notifyListenersNow(DefaultPromise.java:559) ~[netty-common-4.1.119.Final.jar!/:4.1.119.Final]
		at io.netty.util.concurrent.DefaultPromise.notifyListeners(DefaultPromise.java:492) ~[netty-common-4.1.119.Final.jar!/:4.1.119.Final]
		at io.netty.util.concurrent.DefaultPromise.setValue0(DefaultPromise.java:636) ~[netty-common-4.1.119.Final.jar!/:4.1.119.Final]
		at io.netty.util.concurrent.DefaultPromise.setFailure0(DefaultPromise.java:629) ~[netty-common-4.1.119.Final.jar!/:4.1.119.Final]
		at io.netty.util.concurrent.DefaultPromise.tryFailure(DefaultPromise.java:118) ~[netty-common-4.1.119.Final.jar!/:4.1.119.Final]
		at io.netty.channel.epoll.AbstractEpollChannel$AbstractEpollUnsafe.fulfillConnectPromise(AbstractEpollChannel.java:679) ~[netty-transport-classes-epoll-4.1.119.Final.jar!/:4.1.119.Final]
		at io.netty.channel.epoll.AbstractEpollChannel$AbstractEpollUnsafe.finishConnect(AbstractEpollChannel.java:698) ~[netty-transport-classes-epoll-4.1.119.Final.jar!/:4.1.119.Final]
		at io.netty.channel.epoll.AbstractEpollChannel$AbstractEpollUnsafe.epollOutReady(AbstractEpollChannel.java:567) ~[netty-transport-classes-epoll-4.1.119.Final.jar!/:4.1.119.Final]
		at io.netty.channel.epoll.EpollEventLoop.processReady(EpollEventLoop.java:491) ~[netty-transport-classes-epoll-4.1.119.Final.jar!/:4.1.119.Final]
		at io.netty.channel.epoll.EpollEventLoop.run(EpollEventLoop.java:399) ~[netty-transport-classes-epoll-4.1.119.Final.jar!/:4.1.119.Final]
		at io.netty.util.concurrent.SingleThreadEventExecutor$4.run(SingleThreadEventExecutor.java:998) ~[netty-common-4.1.119.Final.jar!/:4.1.119.Final]
		at io.netty.util.internal.ThreadExecutorMap$2.run(ThreadExecutorMap.java:74) ~[netty-common-4.1.119.Final.jar!/:4.1.119.Final]
		at io.netty.util.concurrent.FastThreadLocalRunnable.run(FastThreadLocalRunnable.java:30) ~[netty-common-4.1.119.Final.jar!/:4.1.119.Final]
		at java.base/java.lang.Thread.run(Thread.java:840) ~[na:na]
	Suppressed: java.lang.Exception: #block terminated with an error
		at reactor.core.publisher.BlockingSingleSubscriber.blockingGet(BlockingSingleSubscriber.java:104) ~[reactor-core-3.7.5.jar!/:3.7.5]
		at reactor.core.publisher.Mono.block(Mono.java:1779) ~[reactor-core-3.7.5.jar!/:3.7.5]
		at org.springframework.boot.actuate.autoconfigure.tracing.zipkin.ZipkinWebClientSender.postSpans(ZipkinWebClientSender.java:58) ~[spring-boot-actuator-autoconfigure-3.4.5.jar!/:3.4.5]
		at org.springframework.boot.actuate.autoconfigure.tracing.zipkin.HttpSender.postSpans(HttpSender.java:69) ~[spring-boot-actuator-autoconfigure-3.4.5.jar!/:3.4.5]
		at org.springframework.boot.actuate.autoconfigure.tracing.zipkin.HttpSender.postSpans(HttpSender.java:41) ~[spring-boot-actuator-autoconfigure-3.4.5.jar!/:3.4.5]
		at zipkin2.reporter.BaseHttpSender.send(BaseHttpSender.java:123) ~[zipkin-reporter-3.4.3.jar!/:na]
		at zipkin2.reporter.internal.AsyncReporter$BoundedAsyncReporter.flush(AsyncReporter.java:266) ~[zipkin-reporter-3.4.3.jar!/:na]
		at zipkin2.reporter.internal.AsyncReporter$Flusher.run(AsyncReporter.java:352) ~[zipkin-reporter-3.4.3.jar!/:na]
		at java.base/java.lang.Thread.run(Thread.java:840) ~[na:na]
Caused by: io.netty.channel.AbstractChannel$AnnotatedConnectException: finishConnect(..) failed: Connection refused: localhost/127.0.0.1:9411
Caused by: java.net.ConnectException: finishConnect(..) failed: Connection refused
	at io.netty.channel.unix.Errors.newConnectException0(Errors.java:166) ~[netty-transport-native-unix-common-4.1.119.Final.jar!/:4.1.119.Final]
	at io.netty.channel.unix.Errors.handleConnectErrno(Errors.java:131) ~[netty-transport-native-unix-common-4.1.119.Final.jar!/:4.1.119.Final]
	at io.netty.channel.unix.Socket.finishConnect(Socket.java:359) ~[netty-transport-native-unix-common-4.1.119.Final.jar!/:4.1.119.Final]
	at io.netty.channel.epoll.AbstractEpollChannel$AbstractEpollUnsafe.doFinishConnect(AbstractEpollChannel.java:715) ~[netty-transport-classes-epoll-4.1.119.Final.jar!/:4.1.119.Final]
	at io.netty.channel.epoll.AbstractEpollChannel$AbstractEpollUnsafe.finishConnect(AbstractEpollChannel.java:692) ~[netty-transport-classes-epoll-4.1.119.Final.jar!/:4.1.119.Final]
	at io.netty.channel.epoll.AbstractEpollChannel$AbstractEpollUnsafe.epollOutReady(AbstractEpollChannel.java:567) ~[netty-transport-classes-epoll-4.1.119.Final.jar!/:4.1.119.Final]
	at io.netty.channel.epoll.EpollEventLoop.processReady(EpollEventLoop.java:491) ~[netty-transport-classes-epoll-4.1.119.Final.jar!/:4.1.119.Final]
	at io.netty.channel.epoll.EpollEventLoop.run(EpollEventLoop.java:399) ~[netty-transport-classes-epoll-4.1.119.Final.jar!/:4.1.119.Final]
	at io.netty.util.concurrent.SingleThreadEventExecutor$4.run(SingleThreadEventExecutor.java:998) ~[netty-common-4.1.119.Final.jar!/:4.1.119.Final]
	at io.netty.util.internal.ThreadExecutorMap$2.run(ThreadExecutorMap.java:74) ~[netty-common-4.1.119.Final.jar!/:4.1.119.Final]
	at io.netty.util.concurrent.FastThreadLocalRunnable.run(FastThreadLocalRunnable.java:30) ~[netty-common-4.1.119.Final.jar!/:4.1.119.Final]
	at java.base/java.lang.Thread.run(Thread.java:840) ~[na:na]

URI={}/api/auth/login-ctx={}-servletPath={}/api/auth/login
No hay token de autorización
URI={}/api/auth/login-ctx={}-servletPath={}/api/auth/login
Hibernate: select u1_0.id,u1_0.contrasenia,u1_0.email,u1_0.nombre,u1_0.rol,u1_0.username from usuario u1_0 where u1_0.username=?
Usuario autenticado: admin
Hibernate: select p1_0.usuario_id,p1_0.permisos from usuario_permisos p1_0 where p1_0.usuario_id=?
URI={}/api/auth/user/roles-permisos-ctx={}-servletPath={}/api/auth/user/roles-permisos
URI={}/api/auth/user/roles-permisos-ctx={}-servletPath={}/api/auth/user/roles-permisos
Se obtuvo el username del token: admin
Hibernate: select u1_0.id,u1_0.contrasenia,u1_0.email,u1_0.nombre,u1_0.rol,u1_0.username from usuario u1_0 where u1_0.username=?
Hibernate: select p1_0.usuario_id,p1_0.permisos from usuario_permisos p1_0 where p1_0.usuario_id=?
URI={}/api/auth/refresh-ctx={}-servletPath={}/api/auth/refresh
No hay token de autorización
URI={}/api/auth/refresh-ctx={}-servletPath={}/api/auth/refresh
Hibernate: select u1_0.id,u1_0.contrasenia,u1_0.email,u1_0.nombre,u1_0.rol,u1_0.username from usuario u1_0 where u1_0.username=?
Hibernate: select p1_0.usuario_id,p1_0.permisos from usuario_permisos p1_0 where p1_0.usuario_id=?
2025-12-23T08:34:15.643Z  INFO 1482 --- [ionShutdownHook] [                                                 ] o.s.b.w.e.tomcat.GracefulShutdown        : Commencing graceful shutdown. Waiting for active requests to complete
2025-12-23T08:34:19.998Z  INFO 1482 --- [tomcat-shutdown] [                                                 ] o.s.b.w.e.tomcat.GracefulShutdown        : Graceful shutdown complete
2025-12-23T08:34:39.790Z  INFO 1482 --- [ionShutdownHook] [                                                 ] j.LocalContainerEntityManagerFactoryBean : Closing JPA EntityManagerFactory for persistence unit 'default'
2025-12-23T08:34:40.257Z  INFO 1482 --- [ionShutdownHook] [                                                 ] com.zaxxer.hikari.HikariDataSource       : HikariPool-1 - Shutdown initiated...
2025-12-23T08:34:40.519Z  INFO 1482 --- [ionShutdownHook] [                                                 ] com.zaxxer.hikari.HikariDataSource       : HikariPool-1 - Shutdown completed.
