
  .   ____          _            __ _ _
 /\\ / ___'_ __ _ _(_)_ __  __ _ \ \ \ \
( ( )\___ | '_ | '_| | '_ \/ _` | \ \ \ \
 \\/  ___)| |_)| | | | | || (_| |  ) ) ) )
  '  |____| .__|_| |_|_| |_\__, | / / / /
 =========|_|==============|___/=/_/_/_/

 :: Spring Boot ::                (v3.5.6)

2025-12-22T00:15:29.891Z  INFO 10080 --- [web-client] [           main] a.e.u.f.d.w.WebClientApplication         : Starting WebClientApplication v0.0.1-SNAPSHOT using Java 17.0.17 with PID 10080 (/home/ubuntu/.ssh/2025-tpa-ma-ma-grupo-16/front/web-client/target/web-client-0.0.1-SNAPSHOT.jar started by ubuntu in /home/ubuntu/.ssh/2025-tpa-ma-ma-grupo-16)
2025-12-22T00:15:29.901Z  INFO 10080 --- [web-client] [           main] a.e.u.f.d.w.WebClientApplication         : The following 1 profile is active: "dev"
2025-12-22T00:15:33.715Z  INFO 10080 --- [web-client] [           main] o.s.b.w.embedded.tomcat.TomcatWebServer  : Tomcat initialized with port 8087 (http)
2025-12-22T00:15:33.743Z  INFO 10080 --- [web-client] [           main] o.apache.catalina.core.StandardService   : Starting service [Tomcat]
2025-12-22T00:15:33.744Z  INFO 10080 --- [web-client] [           main] o.apache.catalina.core.StandardEngine    : Starting Servlet engine: [Apache Tomcat/10.1.46]
2025-12-22T00:15:33.817Z  INFO 10080 --- [web-client] [           main] o.a.c.c.C.[Tomcat].[localhost].[/]       : Initializing Spring embedded WebApplicationContext
2025-12-22T00:15:33.820Z  INFO 10080 --- [web-client] [           main] w.s.c.ServletWebServerApplicationContext : Root WebApplicationContext: initialization completed in 3717 ms
2025-12-22T00:15:34.791Z  INFO 10080 --- [web-client] [           main] eAuthenticationProviderManagerConfigurer : Global AuthenticationManager configured with AuthenticationProvider bean with name customAuthProvider
2025-12-22T00:15:35.567Z  WARN 10080 --- [web-client] [           main] thorizationManagerRequestMatcherRegistry : One of the patterns in [/hechos/**, /colecciones/**, solicitudes/crear/{Id}] is missing a leading slash. This is discouraged; please include the leading slash in all your request matcher patterns. In future versions of Spring Security, leaving out the leading slash will result in an exception.
2025-12-22T00:15:36.575Z  INFO 10080 --- [web-client] [           main] o.s.b.w.embedded.tomcat.TomcatWebServer  : Tomcat started on port 8087 (http) with context path '/'
2025-12-22T00:15:36.626Z  INFO 10080 --- [web-client] [           main] a.e.u.f.d.w.WebClientApplication         : Started WebClientApplication in 7.964 seconds (process running for 9.506)
2025-12-22T00:15:51.319Z  INFO 10080 --- [web-client] [nio-8087-exec-1] o.a.c.c.C.[Tomcat].[localhost].[/]       : Initializing Spring DispatcherServlet 'dispatcherServlet'
2025-12-22T00:15:51.320Z  INFO 10080 --- [web-client] [nio-8087-exec-1] o.s.web.servlet.DispatcherServlet        : Initializing Servlet 'dispatcherServlet'
2025-12-22T00:15:51.324Z  INFO 10080 --- [web-client] [nio-8087-exec-1] o.s.web.servlet.DispatcherServlet        : Completed initialization in 3 ms
2025-12-22T00:15:56.536Z  WARN 10080 --- [web-client] [nio-8087-exec-1] actStandardFragmentInsertionTagProcessor : [THYMELEAF][http-nio-8087-exec-1][layout/base] Deprecated unwrapped fragment expression "${contenido} :: contenido" found in template layout/base, line 55, col 10. Please use the complete syntax of fragment expressions instead ("~{${contenido} :: contenido}"). The old, unwrapped syntax for fragment expressions will be removed in future versions of Thymeleaf.
2025-12-22T00:15:56.634Z  WARN 10080 --- [web-client] [nio-8087-exec-1] actStandardFragmentInsertionTagProcessor : [THYMELEAF][http-nio-8087-exec-1][hechos/ver-todo] Deprecated unwrapped fragment expression "visualizar/visualizador_map :: mapa" found in template hechos/ver-todo, line 82, col 30. Please use the complete syntax of fragment expressions instead ("~{visualizar/visualizador_map :: mapa}"). The old, unwrapped syntax for fragment expressions will be removed in future versions of Thymeleaf.
2025-12-22T00:15:56.644Z  WARN 10080 --- [web-client] [nio-8087-exec-1] actStandardFragmentInsertionTagProcessor : [THYMELEAF][http-nio-8087-exec-1][hechos/ver-todo] Deprecated unwrapped fragment expression "hechos/lista :: hechos(${hechos},null)" found in template hechos/ver-todo, line 88, col 18. Please use the complete syntax of fragment expressions instead ("~{hechos/lista :: hechos(${hechos},null)}"). The old, unwrapped syntax for fragment expressions will be removed in future versions of Thymeleaf.
2025-12-22T00:15:56.656Z  WARN 10080 --- [web-client] [nio-8087-exec-1] actStandardFragmentInsertionTagProcessor : [THYMELEAF][http-nio-8087-exec-1][layout/base] Deprecated unwrapped fragment expression "fragments/toast :: toast" found in template layout/base, line 56, col 10. Please use the complete syntax of fragment expressions instead ("~{fragments/toast :: toast}"). The old, unwrapped syntax for fragment expressions will be removed in future versions of Thymeleaf.
2025-12-22T00:16:26.854Z  INFO 10080 --- [web-client] [nio-8087-exec-9] a.e.u.f.d.w.p.CustomAuthProvider         : Usuario logeado! Configurando variables de sesión
2025-12-22T00:16:26.926Z  INFO 10080 --- [web-client] [nio-8087-exec-9] a.e.u.f.d.w.p.CustomAuthProvider         : Buscando roles y permisos del usuario
2025-12-22T00:16:27.183Z  INFO 10080 --- [web-client] [nio-8087-exec-9] a.e.u.f.d.w.p.CustomAuthProvider         : Cargando roles y permisos del usuario en sesión
2025-12-22T00:16:27.184Z  INFO 10080 --- [web-client] [nio-8087-exec-9] a.e.u.f.d.w.p.CustomAuthProvider         : Role: USER
2025-12-22T00:16:27.518Z  WARN 10080 --- [web-client] [io-8087-exec-10] actStandardFragmentInsertionTagProcessor : [THYMELEAF][http-nio-8087-exec-10][layout/base] Deprecated unwrapped fragment expression "${contenido} :: contenido" found in template layout/base, line 55, col 10. Please use the complete syntax of fragment expressions instead ("~{${contenido} :: contenido}"). The old, unwrapped syntax for fragment expressions will be removed in future versions of Thymeleaf.
2025-12-22T00:16:27.521Z  WARN 10080 --- [web-client] [io-8087-exec-10] actStandardFragmentInsertionTagProcessor : [THYMELEAF][http-nio-8087-exec-10][home/landing] Deprecated unwrapped fragment expression "home/landing_title :: title" found in template home/landing, line 5, col 14. Please use the complete syntax of fragment expressions instead ("~{home/landing_title :: title}"). The old, unwrapped syntax for fragment expressions will be removed in future versions of Thymeleaf.
2025-12-22T00:16:27.531Z  WARN 10080 --- [web-client] [io-8087-exec-10] actStandardFragmentInsertionTagProcessor : [THYMELEAF][http-nio-8087-exec-10][home/landing] Deprecated unwrapped fragment expression "home/landing_imagen :: imagen" found in template home/landing, line 8, col 14. Please use the complete syntax of fragment expressions instead ("~{home/landing_imagen :: imagen}"). The old, unwrapped syntax for fragment expressions will be removed in future versions of Thymeleaf.
2025-12-22T00:16:27.533Z  WARN 10080 --- [web-client] [io-8087-exec-10] actStandardFragmentInsertionTagProcessor : [THYMELEAF][http-nio-8087-exec-10][home/landing] Deprecated unwrapped fragment expression "home/landing_hechos :: hechos(colecciones=${colecciones})" found in template home/landing, line 12, col 10. Please use the complete syntax of fragment expressions instead ("~{home/landing_hechos :: hechos(colecciones=${colecciones})}"). The old, unwrapped syntax for fragment expressions will be removed in future versions of Thymeleaf.
2025-12-22T00:16:27.540Z  WARN 10080 --- [web-client] [io-8087-exec-10] actStandardFragmentInsertionTagProcessor : [THYMELEAF][http-nio-8087-exec-10][layout/base] Deprecated unwrapped fragment expression "fragments/toast :: toast" found in template layout/base, line 56, col 10. Please use the complete syntax of fragment expressions instead ("~{fragments/toast :: toast}"). The old, unwrapped syntax for fragment expressions will be removed in future versions of Thymeleaf.
2025-12-22T00:16:40.114Z  WARN 10080 --- [web-client] [nio-8087-exec-3] actStandardFragmentInsertionTagProcessor : [THYMELEAF][http-nio-8087-exec-3][layout/base] Deprecated unwrapped fragment expression "${contenido} :: contenido" found in template layout/base, line 55, col 10. Please use the complete syntax of fragment expressions instead ("~{${contenido} :: contenido}"). The old, unwrapped syntax for fragment expressions will be removed in future versions of Thymeleaf.
2025-12-22T00:16:40.115Z  WARN 10080 --- [web-client] [nio-8087-exec-3] actStandardFragmentInsertionTagProcessor : [THYMELEAF][http-nio-8087-exec-3][home/landing] Deprecated unwrapped fragment expression "home/landing_title :: title" found in template home/landing, line 5, col 14. Please use the complete syntax of fragment expressions instead ("~{home/landing_title :: title}"). The old, unwrapped syntax for fragment expressions will be removed in future versions of Thymeleaf.
2025-12-22T00:16:40.115Z  WARN 10080 --- [web-client] [nio-8087-exec-3] actStandardFragmentInsertionTagProcessor : [THYMELEAF][http-nio-8087-exec-3][home/landing] Deprecated unwrapped fragment expression "home/landing_imagen :: imagen" found in template home/landing, line 8, col 14. Please use the complete syntax of fragment expressions instead ("~{home/landing_imagen :: imagen}"). The old, unwrapped syntax for fragment expressions will be removed in future versions of Thymeleaf.
2025-12-22T00:16:40.116Z  WARN 10080 --- [web-client] [nio-8087-exec-3] actStandardFragmentInsertionTagProcessor : [THYMELEAF][http-nio-8087-exec-3][home/landing] Deprecated unwrapped fragment expression "home/landing_hechos :: hechos(colecciones=${colecciones})" found in template home/landing, line 12, col 10. Please use the complete syntax of fragment expressions instead ("~{home/landing_hechos :: hechos(colecciones=${colecciones})}"). The old, unwrapped syntax for fragment expressions will be removed in future versions of Thymeleaf.
2025-12-22T00:16:40.116Z  WARN 10080 --- [web-client] [nio-8087-exec-3] actStandardFragmentInsertionTagProcessor : [THYMELEAF][http-nio-8087-exec-3][layout/base] Deprecated unwrapped fragment expression "fragments/toast :: toast" found in template layout/base, line 56, col 10. Please use the complete syntax of fragment expressions instead ("~{fragments/toast :: toast}"). The old, unwrapped syntax for fragment expressions will be removed in future versions of Thymeleaf.
2025-12-22T00:17:26.466Z  INFO 10080 --- [web-client] [ionShutdownHook] o.s.b.w.e.tomcat.GracefulShutdown        : Commencing graceful shutdown. Waiting for active requests to complete
2025-12-22T00:17:26.566Z  INFO 10080 --- [web-client] [tomcat-shutdown] o.s.b.w.e.tomcat.GracefulShutdown        : Graceful shutdown complete
